INFO [2018-12-29 23:11:22] $x
INFO [2018-12-29 23:11:22] SigIDs[grep("BvC", names(SigIDs), value = T)]
INFO [2018-12-29 23:11:22] 
INFO [2018-12-29 23:11:22] $category.names
INFO [2018-12-29 23:11:22] c("FC", "LA")
INFO [2018-12-29 23:11:22] 
INFO [2018-12-29 23:11:22] $filename
INFO [2018-12-29 23:11:22] NULL
INFO [2018-12-29 23:11:22] 
INFO [2018-12-29 23:11:22] $fill
INFO [2018-12-29 23:11:22] c("red", "blue")
INFO [2018-12-29 23:11:22] 
INFO [2018-12-29 23:11:22] $main
INFO [2018-12-29 23:11:22] [1] "B vs. C"
INFO [2018-12-29 23:11:22] 
INFO [2018-12-29 23:11:22] $cex
INFO [2018-12-29 23:11:22] [1] 5
INFO [2018-12-29 23:11:22] 
INFO [2018-12-29 23:11:22] $cat.cex
INFO [2018-12-29 23:11:22] [1] 2
INFO [2018-12-29 23:11:22] 
