INFO [2018-12-29 23:13:49] $x
INFO [2018-12-29 23:13:49] SigIDs[grep("BvC", names(SigIDs), value = T)]
INFO [2018-12-29 23:13:49] 
INFO [2018-12-29 23:13:49] $category.names
INFO [2018-12-29 23:13:49] c("FC", "LA")
INFO [2018-12-29 23:13:49] 
INFO [2018-12-29 23:13:49] $filename
INFO [2018-12-29 23:13:49] NULL
INFO [2018-12-29 23:13:49] 
INFO [2018-12-29 23:13:49] $fill
INFO [2018-12-29 23:13:49] c("red", "blue")
INFO [2018-12-29 23:13:49] 
INFO [2018-12-29 23:13:49] $main
INFO [2018-12-29 23:13:49] [1] "B vs. C"
INFO [2018-12-29 23:13:49] 
INFO [2018-12-29 23:13:49] $main.cex
INFO [2018-12-29 23:13:49] [1] 5
INFO [2018-12-29 23:13:49] 
INFO [2018-12-29 23:13:49] $cex
INFO [2018-12-29 23:13:49] [1] 5
INFO [2018-12-29 23:13:49] 
INFO [2018-12-29 23:13:49] $cat.cex
INFO [2018-12-29 23:13:49] [1] 2
INFO [2018-12-29 23:13:49] 
