INFO [2018-12-29 23:14:50] $x
INFO [2018-12-29 23:14:50] SigIDs[grep("AvC", names(SigIDs), value = T)]
INFO [2018-12-29 23:14:50] 
INFO [2018-12-29 23:14:50] $category.names
INFO [2018-12-29 23:14:50] c("FC", "LA")
INFO [2018-12-29 23:14:50] 
INFO [2018-12-29 23:14:50] $filename
INFO [2018-12-29 23:14:50] NULL
INFO [2018-12-29 23:14:50] 
INFO [2018-12-29 23:14:50] $fill
INFO [2018-12-29 23:14:50] c("red", "blue")
INFO [2018-12-29 23:14:50] 
INFO [2018-12-29 23:14:50] $main
INFO [2018-12-29 23:14:50] [1] "A vs. C"
INFO [2018-12-29 23:14:50] 
INFO [2018-12-29 23:14:50] $main.cex
INFO [2018-12-29 23:14:50] [1] 5
INFO [2018-12-29 23:14:50] 
INFO [2018-12-29 23:14:50] $cex
INFO [2018-12-29 23:14:50] [1] 5
INFO [2018-12-29 23:14:50] 
INFO [2018-12-29 23:14:50] $cat.cex
INFO [2018-12-29 23:14:50] [1] 2
INFO [2018-12-29 23:14:50] 
