INFO [2018-12-29 23:15:13] $x
INFO [2018-12-29 23:15:13] SigIDs[grep("BvC", names(SigIDs), value = T)]
INFO [2018-12-29 23:15:13] 
INFO [2018-12-29 23:15:13] $category.names
INFO [2018-12-29 23:15:13] c("FC", "LA")
INFO [2018-12-29 23:15:13] 
INFO [2018-12-29 23:15:13] $filename
INFO [2018-12-29 23:15:13] NULL
INFO [2018-12-29 23:15:13] 
INFO [2018-12-29 23:15:13] $fill
INFO [2018-12-29 23:15:13] c("red", "blue")
INFO [2018-12-29 23:15:13] 
INFO [2018-12-29 23:15:13] $main
INFO [2018-12-29 23:15:13] [1] "B vs. C"
INFO [2018-12-29 23:15:13] 
INFO [2018-12-29 23:15:13] $main.cex
INFO [2018-12-29 23:15:13] [1] 5
INFO [2018-12-29 23:15:13] 
INFO [2018-12-29 23:15:13] $cex
INFO [2018-12-29 23:15:13] [1] 5
INFO [2018-12-29 23:15:13] 
INFO [2018-12-29 23:15:13] $cat.cex
INFO [2018-12-29 23:15:13] [1] 2
INFO [2018-12-29 23:15:13] 
