INFO [2018-12-29 23:15:01] $x
INFO [2018-12-29 23:15:01] SigIDs[grep("AvB", names(SigIDs), value = T)]
INFO [2018-12-29 23:15:01] 
INFO [2018-12-29 23:15:01] $category.names
INFO [2018-12-29 23:15:01] c("FC", "LA")
INFO [2018-12-29 23:15:01] 
INFO [2018-12-29 23:15:01] $filename
INFO [2018-12-29 23:15:01] NULL
INFO [2018-12-29 23:15:01] 
INFO [2018-12-29 23:15:01] $fill
INFO [2018-12-29 23:15:01] c("red", "blue")
INFO [2018-12-29 23:15:01] 
INFO [2018-12-29 23:15:01] $main
INFO [2018-12-29 23:15:01] [1] "A vs. B"
INFO [2018-12-29 23:15:01] 
INFO [2018-12-29 23:15:01] $main.cex
INFO [2018-12-29 23:15:01] [1] 5
INFO [2018-12-29 23:15:01] 
INFO [2018-12-29 23:15:01] $cex
INFO [2018-12-29 23:15:01] [1] 5
INFO [2018-12-29 23:15:01] 
INFO [2018-12-29 23:15:01] $cat.cex
INFO [2018-12-29 23:15:01] [1] 2
INFO [2018-12-29 23:15:01] 
